  0 File(s) copied
  GazeEstimation.cpp
  SVM_dynamic_lin.cpp
  SVM_static_lin.cpp
  SVR_dynamic_lin_regressors.cpp
C:\Users\Nastya\Documents\VisualStudia_Ust\VC\include\utility(158): warning C4267: инициализация: преобразование из "size_t" в "unsigned long"; возможна потеря данных (компилируется исходный файл src\SVM_static_lin.cpp)
  d:\op_new\opf_3_6\lib\3rdparty\dlib\include\dlib\image_processing/shape_predictor.h(710): note: см. ссылку на создание экземпляров функции шаблон при компиляции "std::pair<unsigned long,unsigned long>::pair<int,unsigned __int64,void>(std::pair<int,unsigned __int64> &&) noexcept" (компилируется исходный файл src\SVM_static_lin.cpp)
  d:\op_new\opf_3_6\lib\3rdparty\dlib\include\dlib\image_processing/shape_predictor.h(710): note: см. ссылку на создание экземпляров функции шаблон при компиляции "std::pair<unsigned long,unsigned long>::pair<int,unsigned __int64,void>(std::pair<int,unsigned __int64> &&) noexcept" (компилируется исходный файл src\SVM_static_lin.cpp)
C:\Users\Nastya\Documents\VisualStudia_Ust\VC\include\utility(158): warning C4267: инициализация: преобразование из "size_t" в "unsigned long"; возможна потеря данных (компилируется исходный файл src\SVM_dynamic_lin.cpp)
  d:\op_new\opf_3_6\lib\3rdparty\dlib\include\dlib\image_processing/shape_predictor.h(710): note: см. ссылку на создание экземпляров функции шаблон при компиляции "std::pair<unsigned long,unsigned long>::pair<int,unsigned __int64,void>(std::pair<int,unsigned __int64> &&) noexcept" (компилируется исходный файл src\SVM_dynamic_lin.cpp)
  d:\op_new\opf_3_6\lib\3rdparty\dlib\include\dlib\image_processing/shape_predictor.h(710): note: см. ссылку на создание экземпляров функции шаблон при компиляции "std::pair<unsigned long,unsigned long>::pair<int,unsigned __int64,void>(std::pair<int,unsigned __int64> &&) noexcept" (компилируется исходный файл src\SVM_dynamic_lin.cpp)
C:\Users\Nastya\Documents\VisualStudia_Ust\VC\include\utility(158): warning C4267: инициализация: преобразование из "size_t" в "unsigned long"; возможна потеря данных (компилируется исходный файл src\SVR_dynamic_lin_regressors.cpp)
  d:\op_new\opf_3_6\lib\3rdparty\dlib\include\dlib\image_processing/shape_predictor.h(710): note: см. ссылку на создание экземпляров функции шаблон при компиляции "std::pair<unsigned long,unsigned long>::pair<int,unsigned __int64,void>(std::pair<int,unsigned __int64> &&) noexcept" (компилируется исходный файл src\SVR_dynamic_lin_regressors.cpp)
  d:\op_new\opf_3_6\lib\3rdparty\dlib\include\dlib\image_processing/shape_predictor.h(710): note: см. ссылку на создание экземпляров функции шаблон при компиляции "std::pair<unsigned long,unsigned long>::pair<int,unsigned __int64,void>(std::pair<int,unsigned __int64> &&) noexcept" (компилируется исходный файл src\SVR_dynamic_lin_regressors.cpp)
C:\Users\Nastya\Documents\VisualStudia_Ust\VC\include\utility(158): warning C4267: инициализация: преобразование из "size_t" в "unsigned long"; возможна потеря данных (компилируется исходный файл src\GazeEstimation.cpp)
  d:\op_new\opf_3_6\lib\3rdparty\dlib\include\dlib\image_processing/shape_predictor.h(710): note: см. ссылку на создание экземпляров функции шаблон при компиляции "std::pair<unsigned long,unsigned long>::pair<int,unsigned __int64,void>(std::pair<int,unsigned __int64> &&) noexcept" (компилируется исходный файл src\GazeEstimation.cpp)
  d:\op_new\opf_3_6\lib\3rdparty\dlib\include\dlib\image_processing/shape_predictor.h(710): note: см. ссылку на создание экземпляров функции шаблон при компиляции "std::pair<unsigned long,unsigned long>::pair<int,unsigned __int64,void>(std::pair<int,unsigned __int64> &&) noexcept" (компилируется исходный файл src\GazeEstimation.cpp)
  SVR_static_lin_regressors.cpp
  FaceAnalyser.cpp
  Face_utils.cpp
C:\Users\Nastya\Documents\VisualStudia_Ust\VC\include\utility(158): warning C4267: инициализация: преобразование из "size_t" в "unsigned long"; возможна потеря данных (компилируется исходный файл src\SVR_static_lin_regressors.cpp)
  d:\op_new\opf_3_6\lib\3rdparty\dlib\include\dlib\image_processing/shape_predictor.h(710): note: см. ссылку на создание экземпляров функции шаблон при компиляции "std::pair<unsigned long,unsigned long>::pair<int,unsigned __int64,void>(std::pair<int,unsigned __int64> &&) noexcept" (компилируется исходный файл src\SVR_static_lin_regressors.cpp)
  d:\op_new\opf_3_6\lib\3rdparty\dlib\include\dlib\image_processing/shape_predictor.h(710): note: см. ссылку на создание экземпляров функции шаблон при компиляции "std::pair<unsigned long,unsigned long>::pair<int,unsigned __int64,void>(std::pair<int,unsigned __int64> &&) noexcept" (компилируется исходный файл src\SVR_static_lin_regressors.cpp)
C:\Users\Nastya\Documents\VisualStudia_Ust\VC\include\utility(158): warning C4267: инициализация: преобразование из "size_t" в "unsigned long"; возможна потеря данных (компилируется исходный файл src\Face_utils.cpp)
  d:\op_new\opf_3_6\lib\3rdparty\dlib\include\dlib\image_processing/shape_predictor.h(710): note: см. ссылку на создание экземпляров функции шаблон при компиляции "std::pair<unsigned long,unsigned long>::pair<int,unsigned __int64,void>(std::pair<int,unsigned __int64> &&) noexcept" (компилируется исходный файл src\Face_utils.cpp)
  d:\op_new\opf_3_6\lib\3rdparty\dlib\include\dlib\image_processing/shape_predictor.h(710): note: см. ссылку на создание экземпляров функции шаблон при компиляции "std::pair<unsigned long,unsigned long>::pair<int,unsigned __int64,void>(std::pair<int,unsigned __int64> &&) noexcept" (компилируется исходный файл src\Face_utils.cpp)
C:\Users\Nastya\Documents\VisualStudia_Ust\VC\include\utility(158): warning C4267: инициализация: преобразование из "size_t" в "unsigned long"; возможна потеря данных (компилируется исходный файл src\FaceAnalyser.cpp)
  d:\op_new\opf_3_6\lib\3rdparty\dlib\include\dlib\image_processing/shape_predictor.h(710): note: см. ссылку на создание экземпляров функции шаблон при компиляции "std::pair<unsigned long,unsigned long>::pair<int,unsigned __int64,void>(std::pair<int,unsigned __int64> &&) noexcept" (компилируется исходный файл src\FaceAnalyser.cpp)
  d:\op_new\opf_3_6\lib\3rdparty\dlib\include\dlib\image_processing/shape_predictor.h(710): note: см. ссылку на создание экземпляров функции шаблон при компиляции "std::pair<unsigned long,unsigned long>::pair<int,unsigned __int64,void>(std::pair<int,unsigned __int64> &&) noexcept" (компилируется исходный файл src\FaceAnalyser.cpp)
  FaceAnalyser.vcxproj -> D:\op_New\oPF_3_6\x64\Release\FaceAnalyser.lib
  0 File(s) copied
