d:\op_new\opf_3\lib\local\faceanalyser\x64\release\gazeestimation.obj
d:\op_new\opf_3\lib\local\faceanalyser\x64\release\svm_dynamic_lin.obj
d:\op_new\opf_3\lib\local\faceanalyser\x64\release\face_utils.obj
d:\op_new\opf_3\lib\local\faceanalyser\x64\release\svr_dynamic_lin_regressors.obj
d:\op_new\opf_3\lib\local\faceanalyser\x64\release\svr_static_lin_regressors.obj
d:\op_new\opf_3\lib\local\faceanalyser\x64\release\svm_static_lin.obj
d:\op_new\opf_3\lib\local\faceanalyser\x64\release\faceanalyser.obj
d:\op_new\opf_3\lib\local\faceanalyser\x64\release\faceanalyser.pdb
d:\op_new\opf_3_3\lib\local\faceanalyser\x64\release\svm_static_lin.obj
d:\op_new\opf_3_3\lib\local\faceanalyser\x64\release\svr_static_lin_regressors.obj
d:\op_new\opf_3_3\lib\local\faceanalyser\x64\release\svr_dynamic_lin_regressors.obj
d:\op_new\opf_3_3\lib\local\faceanalyser\x64\release\faceanalyser.obj
d:\op_new\opf_3_3\lib\local\faceanalyser\x64\release\svm_dynamic_lin.obj
d:\op_new\opf_3_3\lib\local\faceanalyser\x64\release\face_utils.obj
d:\op_new\opf_3_3\lib\local\faceanalyser\x64\release\gazeestimation.obj
d:\op_new\opf_3_3\lib\local\faceanalyser\x64\release\faceanalyser.pdb
d:\op_new\opf_3\x64\release\faceanalyser.lib
d:\op_new\opf_3_3\x64\release\faceanalyser.lib
d:\op_new\opf_3_3\lib\local\faceanalyser\x64\release\faceanalyser.vcxprojresolveassemblyreference.cache
d:\op_new\opf_3_3\lib\local\faceanalyser\x64\release\faceanalyser.tlog\cl.command.1.tlog
d:\op_new\opf_3_3\lib\local\faceanalyser\x64\release\faceanalyser.tlog\cl.read.1.tlog
d:\op_new\opf_3_3\lib\local\faceanalyser\x64\release\faceanalyser.tlog\cl.write.1.tlog
d:\op_new\opf_3_3\lib\local\faceanalyser\x64\release\faceanalyser.tlog\lib-link.read.1.tlog
d:\op_new\opf_3_3\lib\local\faceanalyser\x64\release\faceanalyser.tlog\lib-link.write.1.tlog
d:\op_new\opf_3_3\lib\local\faceanalyser\x64\release\faceanalyser.tlog\lib.command.1.tlog
