  0 File(s) copied
  FeatureExtraction.cpp
c:\users\nastya\documents\visualstudia_ust\vc\include\xutility(2229): warning C4996: 'std::_Copy_impl': Function call with parameters that may be unsafe - this call relies on the caller to check that the passed values are correct. To disable this warning, use -D_SCL_SECURE_NO_WARNINGS. See documentation on how to use Visual C++ 'Checked Iterators'
  c:\users\nastya\documents\visualstudia_ust\vc\include\xutility(2216): note:  см. объявление "std::_Copy_impl"
  c:\users\nastya\pictures\учеба 10\githab2\openface-c1ff40399e931568f597bdeeef318a3815ebbbc0\lib\3rdparty\boost\boost\algorithm\string\detail\classification.hpp(102): note: см. ссылку на создание экземпляров функции шаблон при компиляции "_OutIt std::copy<const char*,char*>(_InIt,_InIt,_OutIt)"
          with
          [
              _OutIt=char *,
              _InIt=const char *
          ]
  c:\users\nastya\pictures\учеба 10\githab2\openface-c1ff40399e931568f597bdeeef318a3815ebbbc0\lib\3rdparty\boost\boost\algorithm\string\classification.hpp(206): note: см. ссылку на создание экземпляров функции шаблон при компиляции "boost::algorithm::detail::is_any_ofF<char>::is_any_ofF<boost::iterator_range<const char *>>(const RangeT &)"
          with
          [
              RangeT=boost::iterator_range<const char *>
          ]
  c:\users\nastya\pictures\учеба 10\githab2\openface-c1ff40399e931568f597bdeeef318a3815ebbbc0\lib\3rdparty\boost\boost\algorithm\string\classification.hpp(206): note: см. ссылку на создание экземпляров функции шаблон при компиляции "boost::algorithm::detail::is_any_ofF<char>::is_any_ofF<boost::iterator_range<const char *>>(const RangeT &)"
          with
          [
              RangeT=boost::iterator_range<const char *>
          ]
  c:\users\nastya\pictures\учеба 10\githab2\openface-c1ff40399e931568f597bdeeef318a3815ebbbc0\exe\featureextraction\featureextraction.cpp(785): note: см. ссылку на создание экземпляров функции шаблон при компиляции "boost::algorithm::detail::is_any_ofF<char> boost::algorithm::is_any_of<char[2]>(const RangeT (&))"
          with
          [
              RangeT=char [2]
          ]
  FeatureExtraction.vcxproj -> C:\Users\Nastya\Pictures\учеба 10\githab2\OpenFace-c1ff40399e931568f597bdeeef318a3815ebbbc0\Debug\FeatureExtraction.exe
  0 File(s) copied
  The system cannot find the path specified.
  The system cannot execute the specified program.
  'E' is not recognized as an internal or external command,
  operable program or batch file.
C:\Program Files (x86)\MSBuild\Microsoft.Cpp\v4.0\V140\Microsoft.CppCommon.targets(133,5): error MSB3073: выход из команды "xcopy /I /E /Y /D /C "C:\Users\Nastya\Pictures\учеба 10\githab2\OpenFace-c1ff40399e931568f597bdeeef318a3815ebbbc0\lib\3rdParty\OpenCV3.1\x86\v140\bin\opencv_world310.dll" "C:\Users\Nastya\Pictures\учеба 10\githab2\OpenFace-c1ff40399e931568f597bdeeef318a3815ebbbc0\Debug\"
C:\Program Files (x86)\MSBuild\Microsoft.Cpp\v4.0\V140\Microsoft.CppCommon.targets(133,5): error MSB3073: xcopy /I /E /Y /D /C "C:\Users\Nastya\Pictures\учеба 10\githab2\OpenFace-c1ff40399e931568f597bdeeef318a3815ebbbc0\lib\3rdParty\OpenCV3.1\bin\opencv_ffmpeg310.dll" "C:\Users\Nastya\Pictures\учеба 10\githab2\OpenFace-c1ff40399e931568f597bdeeef318a3815ebbbc0\Debug\"
C:\Program Files (x86)\MSBuild\Microsoft.Cpp\v4.0\V140\Microsoft.CppCommon.targets(133,5): error MSB3073: xcopy /I /E /Y /D /C "C:\Users\Nastya\Pictures\учеба 10\githab2\OpenFace-c1ff40399e931568f597bdeeef318a3815ebbbc0\lib\3rdParty\OpenCV3.1\bin\opencv_ffmpeg310_64.dll" "C:\Users\Nastya\Pictures\учеба 10\githab2\OpenFace-c1ff40399e931568f597bdeeef318a3815ebbbc0\Debug\"
C:\Program Files (x86)\MSBuild\Microsoft.Cpp\v4.0\V140\Microsoft.CppCommon.targets(133,5): error MSB3073: xcopy /I /E /Y /D /C "C:\Users\Nastya\Pictures\учеба 10\githab2\OpenFace-c1ff40399e931568f597bdeeef318a3815ebbbc0\lib\3rdParty\OpenCV3.1\classifiers" "C:\Users\Nastya\Pictures\учеба 10\githab2\OpenFace-c1ff40399e931568f597bdeeef318a3815ebbbc0\Debug\classifiers"
C:\Program Files (x86)\MSBuild\Microsoft.Cpp\v4.0\V140\Microsoft.CppCommon.targets(133,5): error MSB3073: :VCEnd" с кодом 9009.
