d:\op_new\opf_3\lib\local\landmarkdetector\x64\release\landmarkdetector.pch
d:\op_new\opf_3\lib\local\landmarkdetector\x64\release\landmarkdetector.pdb
d:\op_new\opf_3\lib\local\landmarkdetector\x64\release\stdafx.obj
d:\op_new\opf_3\lib\local\landmarkdetector\x64\release\landmarkdetectorparameters.obj
d:\op_new\opf_3\lib\local\landmarkdetector\x64\release\landmarkdetectorutils.obj
d:\op_new\opf_3\lib\local\landmarkdetector\x64\release\landmarkdetectionvalidator.obj
d:\op_new\opf_3\lib\local\landmarkdetector\x64\release\landmarkdetectormodel.obj
d:\op_new\opf_3\lib\local\landmarkdetector\x64\release\pdm.obj
d:\op_new\opf_3\lib\local\landmarkdetector\x64\release\ccnf_patch_expert.obj
d:\op_new\opf_3\lib\local\landmarkdetector\x64\release\paw.obj
d:\op_new\opf_3\lib\local\landmarkdetector\x64\release\landmarkdetectorfunc.obj
d:\op_new\opf_3\lib\local\landmarkdetector\x64\release\patch_experts.obj
d:\op_new\opf_3\lib\local\landmarkdetector\x64\release\svr_patch_expert.obj
d:\op_new\opf_3_3\lib\local\landmarkdetector\x64\release\landmarkdetector.pch
d:\op_new\opf_3_3\lib\local\landmarkdetector\x64\release\landmarkdetector.pdb
d:\op_new\opf_3_3\lib\local\landmarkdetector\x64\release\stdafx.obj
d:\op_new\opf_3_3\lib\local\landmarkdetector\x64\release\ccnf_patch_expert.obj
d:\op_new\opf_3_3\lib\local\landmarkdetector\x64\release\pdm.obj
d:\op_new\opf_3_3\lib\local\landmarkdetector\x64\release\svr_patch_expert.obj
d:\op_new\opf_3_3\lib\local\landmarkdetector\x64\release\landmarkdetectorparameters.obj
d:\op_new\opf_3_3\lib\local\landmarkdetector\x64\release\paw.obj
d:\op_new\opf_3_3\lib\local\landmarkdetector\x64\release\landmarkdetectionvalidator.obj
d:\op_new\opf_3_3\lib\local\landmarkdetector\x64\release\patch_experts.obj
d:\op_new\opf_3_3\lib\local\landmarkdetector\x64\release\landmarkdetectormodel.obj
d:\op_new\opf_3_3\lib\local\landmarkdetector\x64\release\landmarkdetectorfunc.obj
d:\op_new\opf_3_3\lib\local\landmarkdetector\x64\release\landmarkdetectorutils.obj
d:\op_new\opf_3\x64\release\landmarkdetector.lib
d:\op_new\opf_3_3\x64\release\landmarkdetector.lib
d:\op_new\opf_3_3\lib\local\landmarkdetector\x64\release\landmarkdetector.vcxprojresolveassemblyreference.cache
d:\op_new\opf_3_3\lib\local\landmarkdetector\x64\release\landmarkdetector.tlog\cl.command.1.tlog
d:\op_new\opf_3_3\lib\local\landmarkdetector\x64\release\landmarkdetector.tlog\cl.read.1.tlog
d:\op_new\opf_3_3\lib\local\landmarkdetector\x64\release\landmarkdetector.tlog\cl.write.1.tlog
d:\op_new\opf_3_3\lib\local\landmarkdetector\x64\release\landmarkdetector.tlog\lib-link.read.1.tlog
d:\op_new\opf_3_3\lib\local\landmarkdetector\x64\release\landmarkdetector.tlog\lib-link.write.1.tlog
d:\op_new\opf_3_3\lib\local\landmarkdetector\x64\release\landmarkdetector.tlog\lib.command.1.tlog
